# JRE version: OpenJDK Runtime Environment (18.0.2.1+1) (build 18.0.2.1+1-1)
# Java VM: OpenJDK 64-Bit Server VM (18.0.2.1+1-1, mixed mode, sharing, tiered, compressed oops, compressed class ptrs, g1 gc, windows-amd64)
GC Precious Log:
 CardTable entry size: 512
 Card Set container configuration: InlinePtr #cards 4 size 8 Array Of Cards #cards 16 size 48 Howl #buckets 8 coarsen threshold 3686 Howl Bitmap #cards 512 size 80 coarsen threshold 460 Card regions per heap region 1 cards per card region 4096
 CPUs: 12 total, 12 available
 Memory: 16176M
 Large Page Support: Disabled
 NUMA Support: Disabled
 Compressed Oops: Enabled (Zero based)
 Heap Region Size: 2M
 Heap Min Capacity: 8M
 Heap Initial Capacity: 254M
 Heap Max Capacity: 4046M
 Pre-touch: Disabled
 Parallel Workers: 10
 Concurrent Workers: 3
 Concurrent Refinement Workers: 10
 Periodic GC: Disabled
Heap:
 garbage-first heap   total 260096K, used 20532K [0x0000000703200000, 0x0000000800000000)
  region size 2048K, 5 young (10240K), 5 survivors (10240K)
 Metaspace       used 1157K, committed 1280K, reserved 1114112K
  class space    used 86K, committed 192K, reserved 1048576K
GC Heap History (9 events):
Event: 0.350 GC heap before
{Heap before GC invocations=0 (full 0):
 garbage-first heap   total 260096K, used 22528K [0x0000000703200000, 0x0000000800000000)
  region size 2048K, 11 young (22528K), 0 survivors (0K)
 Metaspace       used 1090K, committed 1216K, reserved 1114112K
  class space    used 86K, committed 192K, reserved 1048576K
}
Event: 0.354 GC heap after
{Heap after GC invocations=1 (full 0):
 garbage-first heap   total 260096K, used 1893K [0x0000000703200000, 0x0000000800000000)
  region size 2048K, 1 young (2048K), 1 survivors (2048K)
 Metaspace       used 1090K, committed 1216K, reserved 1114112K
  class space    used 86K, committed 192K, reserved 1048576K
}
Event: 0.438 GC heap before
{Heap before GC invocations=1 (full 0):
 garbage-first heap   total 260096K, used 38757K [0x0000000703200000, 0x0000000800000000)
  region size 2048K, 19 young (38912K), 1 survivors (2048K)
 Metaspace       used 1105K, committed 1280K, reserved 1114112K
  class space    used 86K, committed 192K, reserved 1048576K
}
Event: 0.443 GC heap after
{Heap after GC invocations=2 (full 0):
 garbage-first heap   total 260096K, used 3225K [0x0000000703200000, 0x0000000800000000)
  region size 2048K, 2 young (4096K), 2 survivors (4096K)
 Metaspace       used 1105K, committed 1280K, reserved 1114112K
  class space    used 86K, committed 192K, reserved 1048576K
}
Event: 0.646 GC heap before
{Heap before GC invocations=2 (full 0):
 garbage-first heap   total 260096K, used 154777K [0x0000000703200000, 0x0000000800000000)
  region size 2048K, 76 young (155648K), 2 survivors (4096K)
 Metaspace       used 1140K, committed 1280K, reserved 1114112K
  class space    used 86K, committed 192K, reserved 1048576K
}
Event: 0.659 GC heap after
{Heap after GC invocations=3 (full 0):
 garbage-first heap   total 260096K, used 8889K [0x0000000703200000, 0x0000000800000000)
  region size 2048K, 5 young (10240K), 5 survivors (10240K)
 Metaspace       used 1140K, committed 1280K, reserved 1114112K
  class space    used 86K, committed 192K, reserved 1048576K
}
Event: 0.741 GC heap before
{Heap before GC invocations=3 (full 0):
 garbage-first heap   total 260096K, used 154297K [0x0000000703200000, 0x0000000800000000)
  region size 2048K, 76 young (155648K), 5 survivors (10240K)
 Metaspace       used 1157K, committed 1280K, reserved 1114112K
  class space    used 86K, committed 192K, reserved 1048576K
}
Event: 0.755 GC heap after
{Heap after GC invocations=4 (full 0):
 garbage-first heap   total 260096K, used 15488K [0x0000000703200000, 0x0000000800000000)
  region size 2048K, 8 young (16384K), 8 survivors (16384K)
 Metaspace       used 1157K, committed 1280K, reserved 1114112K
  class space    used 86K, committed 192K, reserved 1048576K
}
Event: 0.833 GC heap before
{Heap before GC invocations=4 (full 0):
 garbage-first heap   total 260096K, used 156800K [0x0000000703200000, 0x0000000800000000)
  region size 2048K, 76 young (155648K), 8 survivors (16384K)
 Metaspace       used 1157K, committed 1280K, reserved 1114112K
  class space    used 86K, committed 192K, reserved 1048576K
}

